WARNING: HADOOP_PREFIX has been replaced by HADOOP_HOME. Using value of HADOOP_PREFIX.
2022-11-23 12:34:31,508 INFO pig.ExecTypeProvider: Trying ExecType : LOCAL
2022-11-23 12:34:31,509 INFO pig.ExecTypeProvider: Trying ExecType : MAPREDUCE
2022-11-23 12:34:31,509 INFO pig.ExecTypeProvider: Picked MAPREDUCE as the ExecType
2022-11-23 12:34:31,567 [main] INFO  org.apache.pig.Main - Apache Pig version 0.17.0 (r1797386) compiled Jun 02 2017, 15:41:58
2022-11-23 12:34:31,567 [main] INFO  org.apache.pig.Main - Logging error messages to: /home/demo/pdi1/pig_1669206871547.log
2022-11-23 12:34:31,665 [main] WARN  org.apache.hadoop.util.NativeCodeLoader - Unable to load native-hadoop library for your platform... using builtin-java classes where applicable
2022-11-23 12:34:31,840 [main] INFO  org.apache.pig.impl.util.Utils - Default bootup file /home/demo/.pigbootup not found
2022-11-23 12:34:31,910 [main] INFO  org.apache.hadoop.conf.Configuration.deprecation - mapred.job.tracker is deprecated. Instead, use mapreduce.jobtracker.address
2022-11-23 12:34:31,910 [main] INFO  org.apache.pig.backend.hadoop.executionengine.HExecutionEngine - Connecting to hadoop file system at: hdfs://127.0.0.2:8020
2022-11-23 12:34:32,310 [main] INFO  org.apache.pig.PigServer - Pig Script ID for the session: PIG-prvnich-10-jmen.pig-6afdb890-0ce3-472e-acdc-8504cd964da0
2022-11-23 12:34:32,310 [main] WARN  org.apache.pig.PigServer - ATS is disabled since yarn.timeline-service.enabled set to false
2022-11-23 12:34:32,914 [main] INFO  org.apache.hadoop.conf.Configuration.deprecation - mapred.textoutputformat.separator is deprecated. Instead, use mapreduce.output.textoutputformat.separator
2022-11-23 12:34:32,951 [main] INFO  org.apache.pig.tools.pigstats.ScriptState - Pig features used in the script: ORDER_BY,LIMIT
2022-11-23 12:34:32,980 [main] INFO  org.apache.pig.data.SchemaTupleBackend - Key [pig.schematuple] was not set... will not generate code.
2022-11-23 12:34:33,013 [main] INFO  org.apache.pig.newplan.logical.optimizer.LogicalPlanOptimizer - {RULES_ENABLED=[AddForEach, ColumnMapKeyPrune, ConstantCalculator, GroupByConstParallelSetter, LimitOptimizer, LoadTypeCastInserter, MergeFilter, MergeForEach, NestedLimitOptimizer, PartitionFilterOptimizer, PredicatePushdownOptimizer, PushDownForEachFlatten, PushUpFilter, SplitFilter, StreamTypeCastInserter]}
2022-11-23 12:34:33,062 [main] INFO  org.apache.pig.newplan.logical.rules.ColumnPruneVisitor - Columns pruned for nameCounts: $1, $2, $3, $4, $5, $6, $7, $8, $9, $10, $11, $12, $13, $14, $15, $16, $17, $18, $19, $20, $21, $22, $23, $24, $25, $26, $27, $28, $29, $30, $31, $32, $33, $34, $35, $36, $37, $38, $39, $40, $41, $42, $43, $44, $45, $46, $47, $48, $49, $50, $51, $52, $53, $54, $55, $56, $57, $58, $59, $60, $61, $62, $63, $64, $65, $66, $67, $68, $69, $70, $71, $72, $73, $74, $75, $76, $77, $78, $79, $80, $81, $82, $83, $84, $85, $86, $87, $88, $89, $90
2022-11-23 12:34:33,105 [main] INFO  org.apache.pig.impl.util.SpillableMemoryManager - Selected heap (Tenured Gen) of size 699072512 to monitor. collectionUsageThreshold = 489350752, usageThreshold = 489350752
2022-11-23 12:34:33,152 [main] INFO  org.apache.pig.backend.hadoop.executionengine.mapReduceLayer.MRCompiler - File concatenation threshold: 100 optimistic? false
2022-11-23 12:34:33,191 [main] INFO  org.apache.pig.backend.hadoop.executionengine.mapReduceLayer.SecondaryKeyOptimizerMR - Using Secondary Key Optimization for MapReduce node scope-118
2022-11-23 12:34:33,195 [main] INFO  org.apache.pig.backend.hadoop.executionengine.mapReduceLayer.MultiQueryOptimizer - MR plan size before optimization: 4
2022-11-23 12:34:33,195 [main] INFO  org.apache.pig.backend.hadoop.executionengine.mapReduceLayer.MultiQueryOptimizer - MR plan size after optimization: 4
2022-11-23 12:34:33,269 [main] INFO  org.apache.hadoop.yarn.client.RMProxy - Connecting to ResourceManager at /127.0.0.2:8032
2022-11-23 12:34:33,493 [main] INFO  org.apache.hadoop.conf.Configuration.deprecation - yarn.resourcemanager.system-metrics-publisher.enabled is deprecated. Instead, use yarn.system-metrics-publisher.enabled
2022-11-23 12:34:33,498 [main] INFO  org.apache.pig.tools.pigstats.mapreduce.MRScriptState - Pig script settings are added to the job
2022-11-23 12:34:33,517 [main] INFO  org.apache.hadoop.conf.Configuration.deprecation - mapred.job.reduce.markreset.buffer.percent is deprecated. Instead, use mapreduce.reduce.markreset.buffer.percent
2022-11-23 12:34:33,517 [main] INFO  org.apache.pig.backend.hadoop.executionengine.mapReduceLayer.JobControlCompiler - mapred.job.reduce.markreset.buffer.percent is not set, set to default 0.3
2022-11-23 12:34:33,520 [main] INFO  org.apache.hadoop.conf.Configuration.deprecation - mapred.output.compress is deprecated. Instead, use mapreduce.output.fileoutputformat.compress
2022-11-23 12:34:33,521 [main] INFO  org.apache.pig.backend.hadoop.executionengine.mapReduceLayer.JobControlCompiler - This job cannot be converted run in-process
2022-11-23 12:34:33,531 [main] INFO  org.apache.hadoop.conf.Configuration.deprecation - mapred.submit.replication is deprecated. Instead, use mapreduce.client.submit.file.replication
2022-11-23 12:34:33,708 [main] INFO  org.apache.pig.backend.hadoop.executionengine.mapReduceLayer.JobControlCompiler - Added jar file:/nix/store/50r1l927yfazgq8xmwh21zfhkknpmcz1-pig-0.17.0/lib/piggybank.jar to DistributedCache through /tmp/temp1464427614/tmp794648258/piggybank.jar
2022-11-23 12:34:33,796 [main] INFO  org.apache.pig.backend.hadoop.executionengine.mapReduceLayer.JobControlCompiler - Added jar file:/nix/store/50r1l927yfazgq8xmwh21zfhkknpmcz1-pig-0.17.0/pig-0.17.0-core-h2.jar to DistributedCache through /tmp/temp1464427614/tmp-1588610709/pig-0.17.0-core-h2.jar
2022-11-23 12:34:33,832 [main] INFO  org.apache.pig.backend.hadoop.executionengine.mapReduceLayer.JobControlCompiler - Added jar file:/nix/store/50r1l927yfazgq8xmwh21zfhkknpmcz1-pig-0.17.0/lib/automaton-1.11-8.jar to DistributedCache through /tmp/temp1464427614/tmp292929879/automaton-1.11-8.jar
2022-11-23 12:34:33,862 [main] INFO  org.apache.pig.backend.hadoop.executionengine.mapReduceLayer.JobControlCompiler - Added jar file:/nix/store/50r1l927yfazgq8xmwh21zfhkknpmcz1-pig-0.17.0/lib/antlr-runtime-3.4.jar to DistributedCache through /tmp/temp1464427614/tmp370092801/antlr-runtime-3.4.jar
2022-11-23 12:34:33,898 [main] INFO  org.apache.pig.backend.hadoop.executionengine.mapReduceLayer.JobControlCompiler - Added jar file:/nix/store/50r1l927yfazgq8xmwh21zfhkknpmcz1-pig-0.17.0/lib/joda-time-2.9.3.jar to DistributedCache through /tmp/temp1464427614/tmp-1261606146/joda-time-2.9.3.jar
2022-11-23 12:34:33,910 [main] INFO  org.apache.pig.backend.hadoop.executionengine.mapReduceLayer.JobControlCompiler - Setting up single store job
2022-11-23 12:34:33,922 [main] INFO  org.apache.pig.data.SchemaTupleFrontend - Key [pig.schematuple] is false, will not generate code.
2022-11-23 12:34:33,922 [main] INFO  org.apache.pig.data.SchemaTupleFrontend - Starting process to move generated code to distributed cacche
2022-11-23 12:34:33,922 [main] INFO  org.apache.pig.data.SchemaTupleFrontend - Setting key [pig.schematuple.classes] with classes to deserialize []
2022-11-23 12:34:33,979 [main] INFO  org.apache.pig.backend.hadoop.executionengine.mapReduceLayer.MapReduceLauncher - 1 map-reduce job(s) waiting for submission.
2022-11-23 12:34:33,991 [JobControl] INFO  org.apache.hadoop.yarn.client.RMProxy - Connecting to ResourceManager at /127.0.0.2:8032
2022-11-23 12:34:34,007 [JobControl] INFO  org.apache.hadoop.conf.Configuration.deprecation - mapred.task.id is deprecated. Instead, use mapreduce.task.attempt.id
2022-11-23 12:34:34,098 [JobControl] INFO  org.apache.hadoop.mapreduce.JobResourceUploader - Disabling Erasure Coding for path: /tmp/hadoop-yarn/staging/demo/.staging/job_1669200937051_0011
2022-11-23 12:34:34,109 [JobControl] WARN  org.apache.hadoop.mapreduce.JobResourceUploader - No job jar file set.  User classes may not be found. See Job or Job#setJar(String).
2022-11-23 12:34:34,142 [JobControl] INFO  org.apache.hadoop.mapreduce.lib.input.FileInputFormat - Total input files to process : 1
2022-11-23 12:34:34,142 [JobControl] INFO  org.apache.pig.backend.hadoop.executionengine.util.MapRedUtil - Total input paths to process : 1
2022-11-23 12:34:34,174 [JobControl] INFO  org.apache.pig.backend.hadoop.executionengine.util.MapRedUtil - Total input paths (combined) to process : 1
2022-11-23 12:34:34,219 [JobControl] INFO  org.apache.hadoop.mapreduce.JobSubmitter - number of splits:1
2022-11-23 12:34:34,241 [JobControl] INFO  org.apache.hadoop.conf.Configuration.deprecation - yarn.resourcemanager.system-metrics-publisher.enabled is deprecated. Instead, use yarn.system-metrics-publisher.enabled
2022-11-23 12:34:34,342 [JobControl] INFO  org.apache.hadoop.mapreduce.JobSubmitter - Submitting tokens for job: job_1669200937051_0011
2022-11-23 12:34:34,343 [JobControl] INFO  org.apache.hadoop.mapreduce.JobSubmitter - Executing with tokens: []
2022-11-23 12:34:34,476 [JobControl] INFO  org.apache.hadoop.mapred.YARNRunner - Job jar is not present. Not adding any jar to the list of resources.
2022-11-23 12:34:34,567 [JobControl] INFO  org.apache.hadoop.conf.Configuration - resource-types.xml not found
2022-11-23 12:34:34,568 [JobControl] INFO  org.apache.hadoop.yarn.util.resource.ResourceUtils - Unable to find 'resource-types.xml'.
2022-11-23 12:34:34,629 [JobControl] INFO  org.apache.hadoop.yarn.client.api.impl.YarnClientImpl - Submitted application application_1669200937051_0011
2022-11-23 12:34:34,673 [JobControl] INFO  org.apache.hadoop.mapreduce.Job - The url to track the job: http://nixos:8088/proxy/application_1669200937051_0011/
2022-11-23 12:34:34,673 [main] INFO  org.apache.pig.backend.hadoop.executionengine.mapReduceLayer.MapReduceLauncher - HadoopJobId: job_1669200937051_0011
2022-11-23 12:34:34,673 [main] INFO  org.apache.pig.backend.hadoop.executionengine.mapReduceLayer.MapReduceLauncher - Processing aliases nameCountSums,nameCounts
2022-11-23 12:34:34,673 [main] INFO  org.apache.pig.backend.hadoop.executionengine.mapReduceLayer.MapReduceLauncher - detailed locations: M: nameCounts[3,1],nameCountSums[-1,-1] C:  R: 
2022-11-23 12:34:34,678 [main] INFO  org.apache.pig.backend.hadoop.executionengine.mapReduceLayer.MapReduceLauncher - 0% complete
2022-11-23 12:34:34,679 [main] INFO  org.apache.pig.backend.hadoop.executionengine.mapReduceLayer.MapReduceLauncher - Running jobs are [job_1669200937051_0011]
2022-11-23 12:34:46,869 [main] INFO  org.apache.pig.backend.hadoop.executionengine.mapReduceLayer.MapReduceLauncher - 12% complete
2022-11-23 12:34:46,869 [main] INFO  org.apache.pig.backend.hadoop.executionengine.mapReduceLayer.MapReduceLauncher - Running jobs are [job_1669200937051_0011]
2022-11-23 12:34:49,875 [main] INFO  org.apache.pig.backend.hadoop.executionengine.mapReduceLayer.MapReduceLauncher - 25% complete
2022-11-23 12:34:49,886 [main] INFO  org.apache.hadoop.yarn.client.RMProxy - Connecting to ResourceManager at /127.0.0.2:8032
2022-11-23 12:34:49,890 [main] INFO  org.apache.hadoop.mapred.ClientServiceDelegate - Application state is completed. FinalApplicationStatus=SUCCEEDED. Redirecting to job history server
2022-11-23 12:34:49,992 [main] INFO  org.apache.hadoop.yarn.client.RMProxy - Connecting to ResourceManager at /127.0.0.2:8032
2022-11-23 12:34:49,999 [main] INFO  org.apache.hadoop.mapred.ClientServiceDelegate - Application state is completed. FinalApplicationStatus=SUCCEEDED. Redirecting to job history server
2022-11-23 12:34:50,012 [main] INFO  org.apache.hadoop.conf.Configuration.deprecation - mapred.reduce.tasks is deprecated. Instead, use mapreduce.job.reduces
2022-11-23 12:34:50,013 [main] INFO  org.apache.hadoop.yarn.client.RMProxy - Connecting to ResourceManager at /127.0.0.2:8032
2022-11-23 12:34:50,017 [main] INFO  org.apache.hadoop.mapred.ClientServiceDelegate - Application state is completed. FinalApplicationStatus=SUCCEEDED. Redirecting to job history server
2022-11-23 12:34:50,058 [main] INFO  org.apache.pig.tools.pigstats.mapreduce.MRScriptState - Pig script settings are added to the job
2022-11-23 12:34:50,059 [main] INFO  org.apache.pig.backend.hadoop.executionengine.mapReduceLayer.JobControlCompiler - mapred.job.reduce.markreset.buffer.percent is not set, set to default 0.3
2022-11-23 12:34:50,059 [main] INFO  org.apache.pig.backend.hadoop.executionengine.mapReduceLayer.JobControlCompiler - Reduce phase detected, estimating # of required reducers.
2022-11-23 12:34:50,060 [main] INFO  org.apache.pig.backend.hadoop.executionengine.mapReduceLayer.JobControlCompiler - Using reducer estimator: org.apache.pig.backend.hadoop.executionengine.mapReduceLayer.InputSizeReducerEstimator
2022-11-23 12:34:50,083 [main] INFO  org.apache.pig.backend.hadoop.executionengine.mapReduceLayer.InputSizeReducerEstimator - BytesPerReducer=1000000000 maxReducers=999 totalInputFileSize=1359065
2022-11-23 12:34:50,084 [main] INFO  org.apache.pig.backend.hadoop.executionengine.mapReduceLayer.JobControlCompiler - Setting Parallelism to 1
2022-11-23 12:34:50,084 [main] INFO  org.apache.pig.backend.hadoop.executionengine.mapReduceLayer.JobControlCompiler - This job cannot be converted run in-process
2022-11-23 12:34:50,138 [main] INFO  org.apache.pig.backend.hadoop.executionengine.mapReduceLayer.JobControlCompiler - Added jar file:/nix/store/50r1l927yfazgq8xmwh21zfhkknpmcz1-pig-0.17.0/pig-0.17.0-core-h2.jar to DistributedCache through /tmp/temp1464427614/tmp-1556479470/pig-0.17.0-core-h2.jar
2022-11-23 12:34:50,159 [main] INFO  org.apache.pig.backend.hadoop.executionengine.mapReduceLayer.JobControlCompiler - Added jar file:/nix/store/50r1l927yfazgq8xmwh21zfhkknpmcz1-pig-0.17.0/lib/automaton-1.11-8.jar to DistributedCache through /tmp/temp1464427614/tmp1292449865/automaton-1.11-8.jar
2022-11-23 12:34:50,173 [main] INFO  org.apache.pig.backend.hadoop.executionengine.mapReduceLayer.JobControlCompiler - Added jar file:/nix/store/50r1l927yfazgq8xmwh21zfhkknpmcz1-pig-0.17.0/lib/antlr-runtime-3.4.jar to DistributedCache through /tmp/temp1464427614/tmp1507790593/antlr-runtime-3.4.jar
2022-11-23 12:34:50,189 [main] INFO  org.apache.pig.backend.hadoop.executionengine.mapReduceLayer.JobControlCompiler - Added jar file:/nix/store/50r1l927yfazgq8xmwh21zfhkknpmcz1-pig-0.17.0/lib/joda-time-2.9.3.jar to DistributedCache through /tmp/temp1464427614/tmp-1897546688/joda-time-2.9.3.jar
2022-11-23 12:34:50,190 [main] INFO  org.apache.pig.backend.hadoop.executionengine.mapReduceLayer.JobControlCompiler - Setting up single store job
2022-11-23 12:34:50,190 [main] INFO  org.apache.pig.data.SchemaTupleFrontend - Key [pig.schematuple] is false, will not generate code.
2022-11-23 12:34:50,190 [main] INFO  org.apache.pig.data.SchemaTupleFrontend - Starting process to move generated code to distributed cacche
2022-11-23 12:34:50,190 [main] INFO  org.apache.pig.data.SchemaTupleFrontend - Setting key [pig.schematuple.classes] with classes to deserialize []
2022-11-23 12:34:50,229 [main] INFO  org.apache.pig.backend.hadoop.executionengine.mapReduceLayer.MapReduceLauncher - 1 map-reduce job(s) waiting for submission.
2022-11-23 12:34:50,233 [JobControl] INFO  org.apache.hadoop.yarn.client.RMProxy - Connecting to ResourceManager at /127.0.0.2:8032
2022-11-23 12:34:50,238 [JobControl] INFO  org.apache.hadoop.conf.Configuration.deprecation - yarn.resourcemanager.system-metrics-publisher.enabled is deprecated. Instead, use yarn.system-metrics-publisher.enabled
2022-11-23 12:34:50,242 [JobControl] INFO  org.apache.hadoop.mapreduce.JobResourceUploader - Disabling Erasure Coding for path: /tmp/hadoop-yarn/staging/demo/.staging/job_1669200937051_0012
2022-11-23 12:34:50,243 [JobControl] WARN  org.apache.hadoop.mapreduce.JobResourceUploader - No job jar file set.  User classes may not be found. See Job or Job#setJar(String).
2022-11-23 12:34:50,254 [JobControl] INFO  org.apache.hadoop.mapreduce.lib.input.FileInputFormat - Total input files to process : 1
2022-11-23 12:34:50,254 [JobControl] INFO  org.apache.pig.backend.hadoop.executionengine.util.MapRedUtil - Total input paths to process : 1
2022-11-23 12:34:50,254 [JobControl] INFO  org.apache.pig.backend.hadoop.executionengine.util.MapRedUtil - Total input paths (combined) to process : 1
2022-11-23 12:34:50,276 [JobControl] INFO  org.apache.hadoop.mapreduce.JobSubmitter - number of splits:1
2022-11-23 12:34:50,334 [JobControl] INFO  org.apache.hadoop.mapreduce.JobSubmitter - Submitting tokens for job: job_1669200937051_0012
2022-11-23 12:34:50,334 [JobControl] INFO  org.apache.hadoop.mapreduce.JobSubmitter - Executing with tokens: []
2022-11-23 12:34:50,335 [JobControl] INFO  org.apache.hadoop.mapred.YARNRunner - Job jar is not present. Not adding any jar to the list of resources.
2022-11-23 12:34:50,365 [JobControl] INFO  org.apache.hadoop.yarn.client.api.impl.YarnClientImpl - Submitted application application_1669200937051_0012
2022-11-23 12:34:50,367 [JobControl] INFO  org.apache.hadoop.mapreduce.Job - The url to track the job: http://nixos:8088/proxy/application_1669200937051_0012/
2022-11-23 12:34:50,731 [main] INFO  org.apache.pig.backend.hadoop.executionengine.mapReduceLayer.MapReduceLauncher - HadoopJobId: job_1669200937051_0012
2022-11-23 12:34:50,731 [main] INFO  org.apache.pig.backend.hadoop.executionengine.mapReduceLayer.MapReduceLauncher - Processing aliases nameCountsOrdered
2022-11-23 12:34:50,732 [main] INFO  org.apache.pig.backend.hadoop.executionengine.mapReduceLayer.MapReduceLauncher - detailed locations: M: nameCountsOrdered[44,20] C:  R: 
2022-11-23 12:35:02,393 [main] INFO  org.apache.pig.backend.hadoop.executionengine.mapReduceLayer.MapReduceLauncher - 37% complete
2022-11-23 12:35:02,393 [main] INFO  org.apache.pig.backend.hadoop.executionengine.mapReduceLayer.MapReduceLauncher - Running jobs are [job_1669200937051_0012]
2022-11-23 12:35:07,437 [main] INFO  org.apache.pig.backend.hadoop.executionengine.mapReduceLayer.MapReduceLauncher - 50% complete
2022-11-23 12:35:07,437 [main] INFO  org.apache.pig.backend.hadoop.executionengine.mapReduceLayer.MapReduceLauncher - Running jobs are [job_1669200937051_0012]
2022-11-23 12:35:10,449 [main] INFO  org.apache.hadoop.yarn.client.RMProxy - Connecting to ResourceManager at /127.0.0.2:8032
2022-11-23 12:35:10,455 [main] INFO  org.apache.hadoop.mapred.ClientServiceDelegate - Application state is completed. FinalApplicationStatus=SUCCEEDED. Redirecting to job history server
2022-11-23 12:35:10,509 [main] INFO  org.apache.hadoop.yarn.client.RMProxy - Connecting to ResourceManager at /127.0.0.2:8032
2022-11-23 12:35:10,525 [main] INFO  org.apache.hadoop.mapred.ClientServiceDelegate - Application state is completed. FinalApplicationStatus=SUCCEEDED. Redirecting to job history server
2022-11-23 12:35:10,576 [main] INFO  org.apache.hadoop.yarn.client.RMProxy - Connecting to ResourceManager at /127.0.0.2:8032
2022-11-23 12:35:10,578 [main] INFO  org.apache.hadoop.mapred.ClientServiceDelegate - Application state is completed. FinalApplicationStatus=SUCCEEDED. Redirecting to job history server
2022-11-23 12:35:10,595 [main] INFO  org.apache.pig.tools.pigstats.mapreduce.MRScriptState - Pig script settings are added to the job
2022-11-23 12:35:10,596 [main] INFO  org.apache.pig.backend.hadoop.executionengine.mapReduceLayer.JobControlCompiler - mapred.job.reduce.markreset.buffer.percent is not set, set to default 0.3
2022-11-23 12:35:10,597 [main] INFO  org.apache.pig.backend.hadoop.executionengine.mapReduceLayer.JobControlCompiler - Reduce phase detected, estimating # of required reducers.
2022-11-23 12:35:10,597 [main] INFO  org.apache.pig.backend.hadoop.executionengine.mapReduceLayer.JobControlCompiler - Setting Parallelism to 1
2022-11-23 12:35:10,597 [main] INFO  org.apache.pig.backend.hadoop.executionengine.mapReduceLayer.JobControlCompiler - This job cannot be converted run in-process
2022-11-23 12:35:10,663 [main] INFO  org.apache.pig.backend.hadoop.executionengine.mapReduceLayer.JobControlCompiler - Added jar file:/nix/store/50r1l927yfazgq8xmwh21zfhkknpmcz1-pig-0.17.0/pig-0.17.0-core-h2.jar to DistributedCache through /tmp/temp1464427614/tmp-1719310614/pig-0.17.0-core-h2.jar
2022-11-23 12:35:10,678 [main] INFO  org.apache.pig.backend.hadoop.executionengine.mapReduceLayer.JobControlCompiler - Added jar file:/nix/store/50r1l927yfazgq8xmwh21zfhkknpmcz1-pig-0.17.0/lib/automaton-1.11-8.jar to DistributedCache through /tmp/temp1464427614/tmp-813197358/automaton-1.11-8.jar
2022-11-23 12:35:10,692 [main] INFO  org.apache.pig.backend.hadoop.executionengine.mapReduceLayer.JobControlCompiler - Added jar file:/nix/store/50r1l927yfazgq8xmwh21zfhkknpmcz1-pig-0.17.0/lib/antlr-runtime-3.4.jar to DistributedCache through /tmp/temp1464427614/tmp-1057560638/antlr-runtime-3.4.jar
2022-11-23 12:35:10,709 [main] INFO  org.apache.pig.backend.hadoop.executionengine.mapReduceLayer.JobControlCompiler - Added jar file:/nix/store/50r1l927yfazgq8xmwh21zfhkknpmcz1-pig-0.17.0/lib/joda-time-2.9.3.jar to DistributedCache through /tmp/temp1464427614/tmp-1068138805/joda-time-2.9.3.jar
2022-11-23 12:35:10,709 [main] INFO  org.apache.pig.backend.hadoop.executionengine.mapReduceLayer.JobControlCompiler - Setting up single store job
2022-11-23 12:35:10,709 [main] INFO  org.apache.pig.data.SchemaTupleFrontend - Key [pig.schematuple] is false, will not generate code.
2022-11-23 12:35:10,710 [main] INFO  org.apache.pig.data.SchemaTupleFrontend - Starting process to move generated code to distributed cacche
2022-11-23 12:35:10,710 [main] INFO  org.apache.pig.data.SchemaTupleFrontend - Setting key [pig.schematuple.classes] with classes to deserialize []
2022-11-23 12:35:10,753 [main] INFO  org.apache.pig.backend.hadoop.executionengine.mapReduceLayer.MapReduceLauncher - 1 map-reduce job(s) waiting for submission.
2022-11-23 12:35:10,761 [JobControl] INFO  org.apache.hadoop.yarn.client.RMProxy - Connecting to ResourceManager at /127.0.0.2:8032
2022-11-23 12:35:10,772 [JobControl] INFO  org.apache.hadoop.conf.Configuration.deprecation - yarn.resourcemanager.system-metrics-publisher.enabled is deprecated. Instead, use yarn.system-metrics-publisher.enabled
2022-11-23 12:35:10,778 [JobControl] INFO  org.apache.hadoop.mapreduce.JobResourceUploader - Disabling Erasure Coding for path: /tmp/hadoop-yarn/staging/demo/.staging/job_1669200937051_0013
2022-11-23 12:35:10,779 [JobControl] WARN  org.apache.hadoop.mapreduce.JobResourceUploader - No job jar file set.  User classes may not be found. See Job or Job#setJar(String).
2022-11-23 12:35:10,794 [JobControl] INFO  org.apache.hadoop.mapreduce.lib.input.FileInputFormat - Total input files to process : 1
2022-11-23 12:35:10,794 [JobControl] INFO  org.apache.pig.backend.hadoop.executionengine.util.MapRedUtil - Total input paths to process : 1
2022-11-23 12:35:10,794 [JobControl] INFO  org.apache.pig.backend.hadoop.executionengine.util.MapRedUtil - Total input paths (combined) to process : 1
2022-11-23 12:35:10,830 [JobControl] INFO  org.apache.hadoop.mapreduce.JobSubmitter - number of splits:1
2022-11-23 12:35:10,854 [JobControl] INFO  org.apache.hadoop.mapreduce.JobSubmitter - Submitting tokens for job: job_1669200937051_0013
2022-11-23 12:35:10,854 [JobControl] INFO  org.apache.hadoop.mapreduce.JobSubmitter - Executing with tokens: []
2022-11-23 12:35:10,857 [JobControl] INFO  org.apache.hadoop.mapred.YARNRunner - Job jar is not present. Not adding any jar to the list of resources.
2022-11-23 12:35:10,891 [JobControl] INFO  org.apache.hadoop.yarn.client.api.impl.YarnClientImpl - Submitted application application_1669200937051_0013
2022-11-23 12:35:10,904 [JobControl] INFO  org.apache.hadoop.mapreduce.Job - The url to track the job: http://nixos:8088/proxy/application_1669200937051_0013/
2022-11-23 12:35:11,256 [main] INFO  org.apache.pig.backend.hadoop.executionengine.mapReduceLayer.MapReduceLauncher - HadoopJobId: job_1669200937051_0013
2022-11-23 12:35:11,256 [main] INFO  org.apache.pig.backend.hadoop.executionengine.mapReduceLayer.MapReduceLauncher - Processing aliases nameCountsOrdered
2022-11-23 12:35:11,256 [main] INFO  org.apache.pig.backend.hadoop.executionengine.mapReduceLayer.MapReduceLauncher - detailed locations: M: nameCountsOrdered[44,20] C:  R: 
2022-11-23 12:35:23,408 [main] INFO  org.apache.pig.backend.hadoop.executionengine.mapReduceLayer.MapReduceLauncher - 62% complete
2022-11-23 12:35:23,408 [main] INFO  org.apache.pig.backend.hadoop.executionengine.mapReduceLayer.MapReduceLauncher - Running jobs are [job_1669200937051_0013]
2022-11-23 12:35:27,978 [main] INFO  org.apache.pig.backend.hadoop.executionengine.mapReduceLayer.MapReduceLauncher - 75% complete
2022-11-23 12:35:27,978 [main] INFO  org.apache.pig.backend.hadoop.executionengine.mapReduceLayer.MapReduceLauncher - Running jobs are [job_1669200937051_0013]
2022-11-23 12:35:30,991 [main] INFO  org.apache.hadoop.yarn.client.RMProxy - Connecting to ResourceManager at /127.0.0.2:8032
2022-11-23 12:35:30,999 [main] INFO  org.apache.hadoop.mapred.ClientServiceDelegate - Application state is completed. FinalApplicationStatus=SUCCEEDED. Redirecting to job history server
2022-11-23 12:35:31,073 [main] INFO  org.apache.hadoop.yarn.client.RMProxy - Connecting to ResourceManager at /127.0.0.2:8032
2022-11-23 12:35:31,079 [main] INFO  org.apache.hadoop.mapred.ClientServiceDelegate - Application state is completed. FinalApplicationStatus=SUCCEEDED. Redirecting to job history server
2022-11-23 12:35:31,101 [main] INFO  org.apache.hadoop.yarn.client.RMProxy - Connecting to ResourceManager at /127.0.0.2:8032
2022-11-23 12:35:31,104 [main] INFO  org.apache.hadoop.mapred.ClientServiceDelegate - Application state is completed. FinalApplicationStatus=SUCCEEDED. Redirecting to job history server
2022-11-23 12:35:31,120 [main] INFO  org.apache.pig.tools.pigstats.mapreduce.MRScriptState - Pig script settings are added to the job
2022-11-23 12:35:31,121 [main] INFO  org.apache.pig.backend.hadoop.executionengine.mapReduceLayer.JobControlCompiler - mapred.job.reduce.markreset.buffer.percent is not set, set to default 0.3
2022-11-23 12:35:31,121 [main] INFO  org.apache.pig.backend.hadoop.executionengine.mapReduceLayer.JobControlCompiler - Reduce phase detected, estimating # of required reducers.
2022-11-23 12:35:31,121 [main] INFO  org.apache.pig.backend.hadoop.executionengine.mapReduceLayer.JobControlCompiler - Setting Parallelism to 1
2022-11-23 12:35:31,121 [main] INFO  org.apache.pig.backend.hadoop.executionengine.mapReduceLayer.JobControlCompiler - This job cannot be converted run in-process
2022-11-23 12:35:31,222 [main] INFO  org.apache.pig.backend.hadoop.executionengine.mapReduceLayer.JobControlCompiler - Added jar file:/nix/store/50r1l927yfazgq8xmwh21zfhkknpmcz1-pig-0.17.0/pig-0.17.0-core-h2.jar to DistributedCache through /tmp/temp1464427614/tmp-146413249/pig-0.17.0-core-h2.jar
2022-11-23 12:35:31,240 [main] INFO  org.apache.pig.backend.hadoop.executionengine.mapReduceLayer.JobControlCompiler - Added jar file:/nix/store/50r1l927yfazgq8xmwh21zfhkknpmcz1-pig-0.17.0/lib/automaton-1.11-8.jar to DistributedCache through /tmp/temp1464427614/tmp-898492599/automaton-1.11-8.jar
2022-11-23 12:35:31,261 [main] INFO  org.apache.pig.backend.hadoop.executionengine.mapReduceLayer.JobControlCompiler - Added jar file:/nix/store/50r1l927yfazgq8xmwh21zfhkknpmcz1-pig-0.17.0/lib/antlr-runtime-3.4.jar to DistributedCache through /tmp/temp1464427614/tmp-541611716/antlr-runtime-3.4.jar
2022-11-23 12:35:31,279 [main] INFO  org.apache.pig.backend.hadoop.executionengine.mapReduceLayer.JobControlCompiler - Added jar file:/nix/store/50r1l927yfazgq8xmwh21zfhkknpmcz1-pig-0.17.0/lib/joda-time-2.9.3.jar to DistributedCache through /tmp/temp1464427614/tmp581906133/joda-time-2.9.3.jar
2022-11-23 12:35:31,281 [main] INFO  org.apache.pig.backend.hadoop.executionengine.mapReduceLayer.JobControlCompiler - Setting up single store job
2022-11-23 12:35:31,281 [main] INFO  org.apache.pig.data.SchemaTupleFrontend - Key [pig.schematuple] is false, will not generate code.
2022-11-23 12:35:31,281 [main] INFO  org.apache.pig.data.SchemaTupleFrontend - Starting process to move generated code to distributed cacche
2022-11-23 12:35:31,281 [main] INFO  org.apache.pig.data.SchemaTupleFrontend - Setting key [pig.schematuple.classes] with classes to deserialize []
2022-11-23 12:35:31,309 [main] INFO  org.apache.pig.backend.hadoop.executionengine.mapReduceLayer.MapReduceLauncher - 1 map-reduce job(s) waiting for submission.
2022-11-23 12:35:31,321 [JobControl] INFO  org.apache.hadoop.yarn.client.RMProxy - Connecting to ResourceManager at /127.0.0.2:8032
2022-11-23 12:35:31,325 [JobControl] INFO  org.apache.hadoop.conf.Configuration.deprecation - yarn.resourcemanager.system-metrics-publisher.enabled is deprecated. Instead, use yarn.system-metrics-publisher.enabled
2022-11-23 12:35:31,337 [JobControl] INFO  org.apache.hadoop.mapreduce.JobResourceUploader - Disabling Erasure Coding for path: /tmp/hadoop-yarn/staging/demo/.staging/job_1669200937051_0014
2022-11-23 12:35:31,339 [JobControl] WARN  org.apache.hadoop.mapreduce.JobResourceUploader - No job jar file set.  User classes may not be found. See Job or Job#setJar(String).
2022-11-23 12:35:31,353 [JobControl] INFO  org.apache.hadoop.mapreduce.lib.input.FileInputFormat - Total input files to process : 1
2022-11-23 12:35:31,354 [JobControl] INFO  org.apache.pig.backend.hadoop.executionengine.util.MapRedUtil - Total input paths to process : 1
2022-11-23 12:35:31,354 [JobControl] INFO  org.apache.pig.backend.hadoop.executionengine.util.MapRedUtil - Total input paths (combined) to process : 1
2022-11-23 12:35:31,390 [JobControl] INFO  org.apache.hadoop.mapreduce.JobSubmitter - number of splits:1
2022-11-23 12:35:31,426 [JobControl] INFO  org.apache.hadoop.mapreduce.JobSubmitter - Submitting tokens for job: job_1669200937051_0014
2022-11-23 12:35:31,426 [JobControl] INFO  org.apache.hadoop.mapreduce.JobSubmitter - Executing with tokens: []
2022-11-23 12:35:31,429 [JobControl] INFO  org.apache.hadoop.mapred.YARNRunner - Job jar is not present. Not adding any jar to the list of resources.
2022-11-23 12:35:31,467 [JobControl] INFO  org.apache.hadoop.yarn.client.api.impl.YarnClientImpl - Submitted application application_1669200937051_0014
2022-11-23 12:35:31,469 [JobControl] INFO  org.apache.hadoop.mapreduce.Job - The url to track the job: http://nixos:8088/proxy/application_1669200937051_0014/
2022-11-23 12:35:31,819 [main] INFO  org.apache.pig.backend.hadoop.executionengine.mapReduceLayer.MapReduceLauncher - HadoopJobId: job_1669200937051_0014
2022-11-23 12:35:31,819 [main] INFO  org.apache.pig.backend.hadoop.executionengine.mapReduceLayer.MapReduceLauncher - Processing aliases nameCountsOrdered
2022-11-23 12:35:31,819 [main] INFO  org.apache.pig.backend.hadoop.executionengine.mapReduceLayer.MapReduceLauncher - detailed locations: M: nameCountsOrdered[44,20] C:  R: 
2022-11-23 12:35:45,597 [main] INFO  org.apache.pig.backend.hadoop.executionengine.mapReduceLayer.MapReduceLauncher - 87% complete
2022-11-23 12:35:45,597 [main] INFO  org.apache.pig.backend.hadoop.executionengine.mapReduceLayer.MapReduceLauncher - Running jobs are [job_1669200937051_0014]
2022-11-23 12:35:50,617 [main] INFO  org.apache.pig.backend.hadoop.executionengine.mapReduceLayer.MapReduceLauncher - Running jobs are [job_1669200937051_0014]
2022-11-23 12:35:51,623 [main] INFO  org.apache.hadoop.yarn.client.RMProxy - Connecting to ResourceManager at /127.0.0.2:8032
2022-11-23 12:35:51,630 [main] INFO  org.apache.hadoop.mapred.ClientServiceDelegate - Application state is completed. FinalApplicationStatus=SUCCEEDED. Redirecting to job history server
2022-11-23 12:35:51,684 [main] INFO  org.apache.hadoop.yarn.client.RMProxy - Connecting to ResourceManager at /127.0.0.2:8032
2022-11-23 12:35:51,690 [main] INFO  org.apache.hadoop.mapred.ClientServiceDelegate - Application state is completed. FinalApplicationStatus=SUCCEEDED. Redirecting to job history server
2022-11-23 12:35:51,706 [main] INFO  org.apache.hadoop.yarn.client.RMProxy - Connecting to ResourceManager at /127.0.0.2:8032
2022-11-23 12:35:51,709 [main] INFO  org.apache.hadoop.mapred.ClientServiceDelegate - Application state is completed. FinalApplicationStatus=SUCCEEDED. Redirecting to job history server
2022-11-23 12:35:51,733 [main] INFO  org.apache.pig.backend.hadoop.executionengine.mapReduceLayer.MapReduceLauncher - 100% complete
2022-11-23 12:35:51,745 [main] INFO  org.apache.pig.tools.pigstats.mapreduce.SimplePigStats - Script Statistics: 

HadoopVersion	PigVersion	UserId	StartedAt	FinishedAt	Features
3.2.2	0.17.0	demo	2022-11-23 12:34:33	2022-11-23 12:35:51	ORDER_BY,LIMIT

Success!

Job Stats (time in seconds):
JobId	Maps	Reduces	MaxMapTime	MinMapTime	AvgMapTime	MedianMapTime	MaxReduceTime	MinReduceTime	AvgReduceTime	MedianReducetime	Alias	Feature	Outputs
job_1669200937051_0011	1	0	3	3	3	3	0	0	0	0	nameCountSums,nameCounts	MAP_ONLY	
job_1669200937051_0012	1	1	2	2	2	2	2	2	2	2	nameCountsOrdered	SAMPLER	
job_1669200937051_0013	1	1	2	2	2	2	2	2	2	2	nameCountsOrdered	ORDER_BY,COMBINER	
job_1669200937051_0014	1	1	2	2	2	2	2	2	2	2	nameCountsOrdered		hdfs://127.0.0.2:8020/user/demo/out/prvnich-10-jmen,

Input(s):
Successfully read 69536 records (17178579 bytes) from: "hdfs://127.0.0.2:8020/user/demo/cetnost-jmena-dnar-2016/cetnost-jmena-dnar.csv"

Output(s):
Successfully stored 10 records (131 bytes) in: "hdfs://127.0.0.2:8020/user/demo/out/prvnich-10-jmen"

Counters:
Total records written : 10
Total bytes written : 131
Spillable Memory Manager spill count : 0
Total bags proactively spilled: 0
Total records proactively spilled: 0

Job DAG:
job_1669200937051_0011	->	job_1669200937051_0012,
job_1669200937051_0012	->	job_1669200937051_0013,
job_1669200937051_0013	->	job_1669200937051_0014,
job_1669200937051_0014


2022-11-23 12:35:51,746 [main] INFO  org.apache.hadoop.yarn.client.RMProxy - Connecting to ResourceManager at /127.0.0.2:8032
2022-11-23 12:35:51,750 [main] INFO  org.apache.hadoop.mapred.ClientServiceDelegate - Application state is completed. FinalApplicationStatus=SUCCEEDED. Redirecting to job history server
2022-11-23 12:35:51,762 [main] INFO  org.apache.hadoop.yarn.client.RMProxy - Connecting to ResourceManager at /127.0.0.2:8032
2022-11-23 12:35:51,764 [main] INFO  org.apache.hadoop.mapred.ClientServiceDelegate - Application state is completed. FinalApplicationStatus=SUCCEEDED. Redirecting to job history server
2022-11-23 12:35:51,779 [main] INFO  org.apache.hadoop.yarn.client.RMProxy - Connecting to ResourceManager at /127.0.0.2:8032
2022-11-23 12:35:51,781 [main] INFO  org.apache.hadoop.mapred.ClientServiceDelegate - Application state is completed. FinalApplicationStatus=SUCCEEDED. Redirecting to job history server
2022-11-23 12:35:51,793 [main] INFO  org.apache.hadoop.yarn.client.RMProxy - Connecting to ResourceManager at /127.0.0.2:8032
2022-11-23 12:35:51,803 [main] INFO  org.apache.hadoop.mapred.ClientServiceDelegate - Application state is completed. FinalApplicationStatus=SUCCEEDED. Redirecting to job history server
2022-11-23 12:35:51,821 [main] INFO  org.apache.hadoop.yarn.client.RMProxy - Connecting to ResourceManager at /127.0.0.2:8032
2022-11-23 12:35:51,826 [main] INFO  org.apache.hadoop.mapred.ClientServiceDelegate - Application state is completed. FinalApplicationStatus=SUCCEEDED. Redirecting to job history server
2022-11-23 12:35:51,839 [main] INFO  org.apache.hadoop.yarn.client.RMProxy - Connecting to ResourceManager at /127.0.0.2:8032
2022-11-23 12:35:51,841 [main] INFO  org.apache.hadoop.mapred.ClientServiceDelegate - Application state is completed. FinalApplicationStatus=SUCCEEDED. Redirecting to job history server
2022-11-23 12:35:51,859 [main] INFO  org.apache.hadoop.yarn.client.RMProxy - Connecting to ResourceManager at /127.0.0.2:8032
2022-11-23 12:35:51,869 [main] INFO  org.apache.hadoop.mapred.ClientServiceDelegate - Application state is completed. FinalApplicationStatus=SUCCEEDED. Redirecting to job history server
2022-11-23 12:35:51,884 [main] INFO  org.apache.hadoop.yarn.client.RMProxy - Connecting to ResourceManager at /127.0.0.2:8032
2022-11-23 12:35:51,893 [main] INFO  org.apache.hadoop.mapred.ClientServiceDelegate - Application state is completed. FinalApplicationStatus=SUCCEEDED. Redirecting to job history server
2022-11-23 12:35:51,910 [main] INFO  org.apache.hadoop.yarn.client.RMProxy - Connecting to ResourceManager at /127.0.0.2:8032
2022-11-23 12:35:51,913 [main] INFO  org.apache.hadoop.mapred.ClientServiceDelegate - Application state is completed. FinalApplicationStatus=SUCCEEDED. Redirecting to job history server
2022-11-23 12:35:51,940 [main] INFO  org.apache.hadoop.yarn.client.RMProxy - Connecting to ResourceManager at /127.0.0.2:8032
2022-11-23 12:35:51,942 [main] INFO  org.apache.hadoop.mapred.ClientServiceDelegate - Application state is completed. FinalApplicationStatus=SUCCEEDED. Redirecting to job history server
2022-11-23 12:35:51,954 [main] INFO  org.apache.hadoop.yarn.client.RMProxy - Connecting to ResourceManager at /127.0.0.2:8032
2022-11-23 12:35:51,959 [main] INFO  org.apache.hadoop.mapred.ClientServiceDelegate - Application state is completed. FinalApplicationStatus=SUCCEEDED. Redirecting to job history server
2022-11-23 12:35:51,987 [main] INFO  org.apache.hadoop.yarn.client.RMProxy - Connecting to ResourceManager at /127.0.0.2:8032
2022-11-23 12:35:51,992 [main] INFO  org.apache.hadoop.mapred.ClientServiceDelegate - Application state is completed. FinalApplicationStatus=SUCCEEDED. Redirecting to job history server
2022-11-23 12:35:52,010 [main] INFO  org.apache.pig.backend.hadoop.executionengine.mapReduceLayer.MapReduceLauncher - Success!
2022-11-23 12:35:52,026 [main] INFO  org.apache.pig.Main - Pig script completed in 1 minute, 20 seconds and 556 milliseconds (80556 ms)
