2022-11-23 16:20:00,084 INFO client.RMProxy: Connecting to ResourceManager at /127.0.0.2:8032
2022-11-23 16:20:00,451 INFO mapreduce.JobResourceUploader: Disabling Erasure Coding for path: /tmp/hadoop-yarn/staging/demo/.staging/job_1669200937051_0028
2022-11-23 16:20:00,657 INFO input.FileInputFormat: Total input files to process : 1
2022-11-23 16:20:00,745 INFO mapreduce.JobSubmitter: number of splits:1
2022-11-23 16:20:00,901 INFO mapreduce.JobSubmitter: Submitting tokens for job: job_1669200937051_0028
2022-11-23 16:20:00,902 INFO mapreduce.JobSubmitter: Executing with tokens: []
2022-11-23 16:20:01,070 INFO conf.Configuration: resource-types.xml not found
2022-11-23 16:20:01,070 INFO resource.ResourceUtils: Unable to find 'resource-types.xml'.
2022-11-23 16:20:01,138 INFO impl.YarnClientImpl: Submitted application application_1669200937051_0028
2022-11-23 16:20:01,170 INFO mapreduce.Job: The url to track the job: http://nixos:8088/proxy/application_1669200937051_0028/
2022-11-23 16:20:01,171 INFO mapreduce.Job: Running job: job_1669200937051_0028
2022-11-23 16:20:09,318 INFO mapreduce.Job: Job job_1669200937051_0028 running in uber mode : false
2022-11-23 16:20:09,319 INFO mapreduce.Job:  map 0% reduce 0%
2022-11-23 16:20:15,401 INFO mapreduce.Job:  map 100% reduce 0%
2022-11-23 16:20:20,445 INFO mapreduce.Job:  map 100% reduce 100%
2022-11-23 16:20:21,461 INFO mapreduce.Job: Job job_1669200937051_0028 completed successfully
2022-11-23 16:20:21,539 INFO mapreduce.Job: Counters: 52
	File System Counters
		FILE: Number of bytes read=305566
		FILE: Number of bytes written=1084633
		FILE: Number of read operations=0
		FILE: Number of large read operations=0
		FILE: Number of write operations=0
		HDFS: Number of bytes read=859211
		HDFS: Number of bytes written=215926
		HDFS: Number of read operations=8
		HDFS: Number of large read operations=0
		HDFS: Number of write operations=2
		HDFS: Number of bytes read erasure-coded=0
	Job Counters 
		Launched map tasks=1
		Launched reduce tasks=1
		Data-local map tasks=1
		Total time spent by all maps in occupied slots (ms)=2730
		Total time spent by all reduces in occupied slots (ms)=2390
		Total time spent by all map tasks (ms)=2730
		Total time spent by all reduce tasks (ms)=2390
		Total vcore-milliseconds taken by all map tasks=2730
		Total vcore-milliseconds taken by all reduce tasks=2390
		Total megabyte-milliseconds taken by all map tasks=2795520
		Total megabyte-milliseconds taken by all reduce tasks=2447360
	Map-Reduce Framework
		Map input records=69536
		Map output records=122039
		Map output bytes=1347261
		Map output materialized bytes=305566
		Input split bytes=106
		Combine input records=122039
		Combine output records=22847
		Reduce input groups=22847
		Reduce shuffle bytes=305566
		Reduce input records=22847
		Reduce output records=22847
		Spilled Records=45694
		Shuffled Maps =1
		Failed Shuffles=0
		Merged Map outputs=1
		GC time elapsed (ms)=106
		CPU time spent (ms)=0
		Physical memory (bytes) snapshot=0
		Virtual memory (bytes) snapshot=5648465920
		Total committed heap usage (bytes)=153751552
		Peak Map Virtual memory (bytes)=2820136960
		Peak Reduce Virtual memory (bytes)=2828328960
	Shuffle Errors
		BAD_ID=0
		CONNECTION=0
		IO_ERROR=0
		WRONG_LENGTH=0
		WRONG_MAP=0
		WRONG_REDUCE=0
	File Input Format Counters 
		Bytes Read=859105
	File Output Format Counters 
		Bytes Written=215926
